#
# There is insufficient memory for the Java Runtime Environment to continue.
# Native memory allocation (mmap) failed to map 134217728 bytes for Failed to commit area from 0x0000000081a00000 to 0x0000000089a00000 of length 134217728.
# Possible reasons:
#   The system is out of physical RAM or swap space
#   The process is running with CompressedOops enabled, and the Java Heap may be blocking the growth of the native heap
# Possible solutions:
#   Reduce memory load on the system
#   Increase physical memory or swap space
#   Check if swap backing store is full
#   Decrease Java heap size (-Xmx/-Xms)
#   Decrease number of Java threads
#   Decrease Java thread stack sizes (-Xss)
#   Set larger code cache with -XX:ReservedCodeCacheSize=
# This output file may be truncated or incomplete.
#
#  Out of Memory Error (t:/workspace/open/src/hotspot/os/windows/os_windows.cpp:3254), pid=13772, tid=14148
#
# JRE version:  (12.0.1+12) (build )
# Java VM: Java HotSpot(TM) 64-Bit Server VM (12.0.1+12, mixed mode, aot, sharing, tiered, compressed oops, g1 gc, windows-amd64)
# No core dump will be written. Minidumps are not enabled by default on client versions of Windows
#

---------------  S U M M A R Y ------------

Command Line: -Dfile.encoding=Cp1252 EmployeeArray

Host: Intel(R) Core(TM) i7-4790 CPU @ 3.60GHz, 8 cores, 7G,  Windows 10 , 64 bit Build 14393 (10.0.14393.2969)
Time: Wed Sep  4 14:18:38 2019 Pacific Daylight Time elapsed time: 0 seconds (0d 0h 0m 0s)

---------------  T H R E A D  ---------------

Current thread (0x0000023a8e9cb800):  JavaThread "Unknown thread" [_thread_in_vm, id=14148, stack(0x0000003f42400000,0x0000003f42500000)]

Stack: [0x0000003f42400000,0x0000003f42500000]
Native frames: (J=compiled Java code, j=interpreted, Vv=VM code, C=native code)
V  [jvm.dll+0x63948a]
V  [jvm.dll+0x78b31f]
V  [jvm.dll+0x78c9c1]
V  [jvm.dll+0x78d013]
V  [jvm.dll+0x262138]
V  [jvm.dll+0x63698a]
V  [jvm.dll+0x62b505]
V  [jvm.dll+0x31d9bc]
V  [jvm.dll+0x31d7ef]
V  [jvm.dll+0x323526]
V  [jvm.dll+0x370f76]
V  [jvm.dll+0x370750]
V  [jvm.dll+0x2f786a]
V  [jvm.dll+0x2f8af2]
V  [jvm.dll+0x7657b7]
V  [jvm.dll+0x766e95]
V  [jvm.dll+0x37f089]
V  [jvm.dll+0x749b14]
V  [jvm.dll+0x3ee48d]
V  [jvm.dll+0x3f03c1]
C  [jli.dll+0x51cf]
C  [ucrtbase.dll+0x1f4a0]
C  [KERNEL32.DLL+0x84d4]
C  [ntdll.dll+0x6e851]


---------------  P R O C E S S  ---------------

Threads class SMR info:
_java_thread_list=0x00007ff9834148e8, length=0, elements={
}

Java Threads: ( => current thread )

Other Threads:
  0x0000023a8ea08800 GCTaskThread "GC Thread#0" [stack: 0x0000003f42500000,0x0000003f42600000] [id=13332]
  0x0000023a8ea18000 ConcurrentGCThread "G1 Main Marker" [stack: 0x0000003f42600000,0x0000003f42700000] [id=14080]
  0x0000023a8ea19800 ConcurrentGCThread "G1 Conc#0" [stack: 0x0000003f42700000,0x0000003f42800000] [id=11720]

[error occurred during error reporting (printing all threads), id 0xc0000005, EXCEPTION_ACCESS_VIOLATION (0xc0000005) at pc=0x00007ff982c47a37]

VM state:not at safepoint (not fully initialized)

VM Mutex/Monitor currently owned by a thread:  ([mutex/lock_event])
[0x0000023a8e9c8c70] Heap_lock - owner thread: 0x0000023a8e9cb800

Heap address: 0x0000000081a00000, size: 2022 MB, Compressed Oops mode: Non-zero based: 0x0000000081a00000
Narrow klass base: 0x0000000000000000, Narrow klass shift: 0

GC Heap History (0 events):
No events

Deoptimization events (0 events):
No events

Classes redefined (0 events):
No events

Internal exceptions (0 events):
No events

Events (0 events):
No events


Dynamic libraries:
0x00007ff6dd860000 - 0x00007ff6dd86f000 	C:\Program Files\Java\jdk-12.0.1\bin\javaw.exe
0x00007ff9a5850000 - 0x00007ff9a5a20000 	C:\Windows\SYSTEM32\ntdll.dll
0x00007ff9a4410000 - 0x00007ff9a44bc000 	C:\Windows\System32\KERNEL32.DLL
0x00007ff9a24b0000 - 0x00007ff9a26cc000 	C:\Windows\System32\KERNELBASE.dll
0x0000000064f00000 - 0x0000000064f95000 	C:\Windows\System32\SYSFER.DLL
0x00007ff9a5740000 - 0x00007ff9a57e2000 	C:\Windows\System32\ADVAPI32.dll
0x00007ff9a44c0000 - 0x00007ff9a455e000 	C:\Windows\System32\msvcrt.dll
0x00007ff9a57f0000 - 0x00007ff9a5849000 	C:\Windows\System32\sechost.dll
0x00007ff9a4c80000 - 0x00007ff9a4da1000 	C:\Windows\System32\RPCRT4.dll
0x00007ff9a2ce0000 - 0x00007ff9a2dd4000 	C:\Windows\System32\ucrtbase.dll
0x00007ff99a1e0000 - 0x00007ff99a1f8000 	C:\Program Files\Java\jdk-12.0.1\bin\jli.dll
0x00007ff99b0c0000 - 0x00007ff99b0d6000 	C:\Program Files\Java\jdk-12.0.1\bin\VCRUNTIME140.dll
0x00007ff9a5470000 - 0x00007ff9a55d5000 	C:\Windows\System32\USER32.dll
0x00007ff9a2420000 - 0x00007ff9a243e000 	C:\Windows\System32\win32u.dll
0x00007ff997f60000 - 0x00007ff9981da000 	C:\Windows\WinSxS\amd64_microsoft.windows.common-controls_6595b64144ccf1df_6.0.14393.3024_none_7ddd2af08344cef9\COMCTL32.dll
0x00007ff9a4ec0000 - 0x00007ff9a4ef4000 	C:\Windows\System32\GDI32.dll
0x00007ff9a47f0000 - 0x00007ff9a4ab5000 	C:\Windows\System32\combase.dll
0x00007ff9a2ab0000 - 0x00007ff9a2c31000 	C:\Windows\System32\gdi32full.dll
0x00007ff9a2440000 - 0x00007ff9a24aa000 	C:\Windows\System32\bcryptPrimitives.dll
0x00007ff995480000 - 0x00007ff99548a000 	C:\Windows\SYSTEM32\VERSION.dll
0x00007ff9a47c0000 - 0x00007ff9a47ee000 	C:\Windows\System32\IMM32.DLL
0x00007ff988180000 - 0x00007ff98822a000 	C:\Program Files\Java\jdk-12.0.1\bin\msvcp140.dll
0x00007ff982940000 - 0x00007ff9834b4000 	C:\Program Files\Java\jdk-12.0.1\bin\server\jvm.dll
0x00007ff9a4c60000 - 0x00007ff9a4c68000 	C:\Windows\System32\PSAPI.DLL
0x00007ff9953e0000 - 0x00007ff9953e9000 	C:\Windows\SYSTEM32\WSOCK32.dll
0x00007ff9a4be0000 - 0x00007ff9a4c4a000 	C:\Windows\System32\WS2_32.dll
0x00007ff9a02c0000 - 0x00007ff9a02e3000 	C:\Windows\SYSTEM32\WINMM.dll
0x00007ff9a0260000 - 0x00007ff9a028b000 	C:\Windows\SYSTEM32\WINMMBASE.dll
0x00007ff9a2a60000 - 0x00007ff9a2aa2000 	C:\Windows\System32\cfgmgr32.dll
0x00007ff9a1cd0000 - 0x00007ff9a1cdf000 	C:\Windows\System32\kernel.appcore.dll
0x00007ff997d50000 - 0x00007ff997d61000 	C:\Program Files\Java\jdk-12.0.1\bin\verify.dll
0x00007ff995100000 - 0x00007ff995292000 	C:\Windows\SYSTEM32\DBGHELP.DLL
0x00007ff9950d0000 - 0x00007ff9950f9000 	C:\Windows\SYSTEM32\dbgcore.DLL
0x00007ff995440000 - 0x00007ff995466000 	C:\Program Files\Java\jdk-12.0.1\bin\java.dll
0x00007ff995420000 - 0x00007ff995437000 	C:\Program Files\Java\jdk-12.0.1\bin\zip.dll
0x00007ff997b10000 - 0x00007ff997b1a000 	C:\Program Files\Java\jdk-12.0.1\bin\jimage.dll

dbghelp: loaded successfully - version: 4.0.5 - missing functions: none
symbol engine: initialized successfully - sym options: 0x614 - pdb path: .;C:\Program Files\Java\jdk-12.0.1\bin;C:\Windows\SYSTEM32;C:\Windows\WinSxS\amd64_microsoft.windows.common-controls_6595b64144ccf1df_6.0.14393.3024_none_7ddd2af08344cef9;C:\Program Files\Java\jdk-12.0.1\bin\server

VM Arguments:
jvm_args: -Dfile.encoding=Cp1252 
java_command: EmployeeArray
java_class_path (initial): E:\Eclipse\Employe Data Set\bin
Launcher Type: SUN_STANDARD

[Global flags]
     intx CICompilerCount                          = 4                                         {product} {ergonomic}
     uint ConcGCThreads                            = 2                                         {product} {ergonomic}
     uint G1ConcRefinementThreads                  = 8                                         {product} {ergonomic}
   size_t G1HeapRegionSize                         = 1048576                                   {product} {ergonomic}
    uintx GCDrainStackTargetSize                   = 64                                        {product} {ergonomic}
   size_t InitialHeapSize                          = 134217728                                 {product} {ergonomic}
   size_t MarkStackSize                            = 4194304                                   {product} {ergonomic}
   size_t MaxHeapSize                              = 2120220672                                {product} {ergonomic}
   size_t MinHeapDeltaBytes                        = 1048576                                   {product} {ergonomic}
    uintx NonNMethodCodeHeapSize                   = 5836300                                {pd product} {ergonomic}
    uintx NonProfiledCodeHeapSize                  = 122910970                              {pd product} {ergonomic}
    uintx ProfiledCodeHeapSize                     = 122910970                              {pd product} {ergonomic}
    uintx ReservedCodeCacheSize                    = 251658240                              {pd product} {ergonomic}
     bool SegmentedCodeCache                       = true                                      {product} {ergonomic}
     bool UseCompressedClassPointers               = true                                 {lp64_product} {ergonomic}
     bool UseCompressedOops                        = true                                 {lp64_product} {ergonomic}
     bool UseG1GC                                  = true                                      {product} {ergonomic}
     bool UseLargePagesIndividualAllocation        = false                                  {pd product} {ergonomic}

Logging:
Log output configuration:
 #0: stdout all=warning uptime,level,tags
 #1: stderr all=off uptime,level,tags

Environment Variables:
PATH=C:/Program Files/Java/jdk-12.0.1/bin/server;C:/Program Files/Java/jdk-12.0.1/bin;C:\Program Files (x86)\Common Files\Oracle\Java\javapath;C:\Program Files (x86)\Intel\iCLS Client\;C:\Program Files\Intel\iCLS Client\;C:\Windows\system32;C:\Windows;C:\Windows\System32\Wbem;C:\Windows\System32\WindowsPowerShell\v1.0\;C:\Program Files\Intel\Intel(R) Management Engine Components\DAL;C:\Program Files\Intel\Intel(R) Management Engine Components\IPT;C:\Program Files (x86)\Intel\Intel(R) Management Engine Components\DAL;C:\Program Files (x86)\Intel\Intel(R) Management Engine Components\IPT;C:\MinGW\bin;C:\Program Files\Git\cmd;C:\Program Files\MATLAB\R2016a\bin;C:\Users\v113\AppData\Local\Microsoft\WindowsApps;;C:\Users\v113\Desktop;
USERNAME=v113
OS=Windows_NT
PROCESSOR_IDENTIFIER=Intel64 Family 6 Model 60 Stepping 3, GenuineIntel



---------------  S Y S T E M  ---------------

OS: Windows 10 , 64 bit Build 14393 (10.0.14393.2969)

CPU:total 8 (initial active 8) (4 cores per cpu, 2 threads per core) family 6 model 60 stepping 3, cmov, cx8, fxsr, mmx, sse, sse2, sse3, ssse3, sse4.1, sse4.2, popcnt, avx, avx2, aes, clmul, erms, lzcnt, ht, tsc, tscinvbit, bmi1, bmi2, fma

Memory: 4k page, system-wide physical 8082M (1550M free)
TotalPageFile size 32658M (AvailPageFile size 110M)
current process WorkingSet (physical memory assigned to process): 10M, peak: 10M
current process commit charge ("private bytes"): 60M, peak: 188M

vm_info: Java HotSpot(TM) 64-Bit Server VM (12.0.1+12) for windows-amd64 JRE (12.0.1+12), built on Apr  2 2019 14:02:19 by "mach5one" with MS VC++ 15.5 (VS2017)

END.
